<?xml version="1.0" encoding="UTF-8"?>
<!-- Generated by org.testng.reporters.JUnitReportReporter -->
<testsuite hostname="DESKTOP-S4NOL5G" name="org.qsptestngdemo.org.FirefoxDemo1" tests="1" failures="0" timestamp="1 Aug 2020 04:19:47 GMT" time="106.721" errors="0">
  <testcase name="m2" time="106.721" classname="org.qsptestngdemo.org.FirefoxDemo1"/>
</testsuite> <!-- org.qsptestngdemo.org.FirefoxDemo1 -->
