<?xml version="1.0" encoding="UTF-8"?>
<!-- Generated by org.testng.reporters.JUnitReportReporter -->
<testsuite hostname="DESKTOP-S4NOL5G" name="org.qsptestngdemo.org.ParallelClass1" tests="2" failures="0" timestamp="31 Jul 2020 05:59:13 GMT" time="40.314" errors="0">
  <testcase name="m2" time="19.685" classname="org.qsptestngdemo.org.ParallelClass1"/>
  <testcase name="m1" time="20.629" classname="org.qsptestngdemo.org.ParallelClass1"/>
</testsuite> <!-- org.qsptestngdemo.org.ParallelClass1 -->
