<?xml version="1.0" encoding="UTF-8"?>
<!-- Generated by org.testng.reporters.JUnitReportReporter -->
<testsuite hostname="DESKTOP-S4NOL5G" name="org.qsptestngdemo.org.ParallelBrowser" tests="2" failures="0" timestamp="3 Aug 2020 05:24:52 GMT" time="90.358" errors="0">
  <testcase name="m" time="50.692" classname="org.qsptestngdemo.org.ParallelBrowser"/>
  <testcase name="m" time="39.666" classname="org.qsptestngdemo.org.ParallelBrowser"/>
</testsuite> <!-- org.qsptestngdemo.org.ParallelBrowser -->
