<?xml version="1.0" encoding="UTF-8"?>
<!-- Generated by org.testng.reporters.JUnitReportReporter -->
<testsuite hostname="DESKTOP-S4NOL5G" name="org.qsptestngdemo.org.DependsOnGroup" tests="4" failures="0" timestamp="28 Jul 2020 05:59:40 GMT" time="0.019" errors="0">
  <testcase name="m4" time="0.002" classname="org.qsptestngdemo.org.DependsOnGroup"/>
  <testcase name="m2" time="0.002" classname="org.qsptestngdemo.org.DependsOnGroup"/>
  <testcase name="m6" time="0.002" classname="org.qsptestngdemo.org.DependsOnGroup"/>
  <testcase name="m1" time="0.013" classname="org.qsptestngdemo.org.DependsOnGroup"/>
</testsuite> <!-- org.qsptestngdemo.org.DependsOnGroup -->
