<?xml version="1.0" encoding="UTF-8"?>
<!-- Generated by org.testng.reporters.JUnitReportReporter -->
<testsuite hostname="DESKTOP-S4NOL5G" name="org.qsptestngdemo.org.DemoTestNg3" tests="2" failures="0" timestamp="27 Jul 2020 04:09:18 GMT" time="8.260" errors="0">
  <testcase name="m1" time="8.258" classname="org.qsptestngdemo.org.DemoTestNg3"/>
  <testcase name="m2" time="0.002" classname="org.qsptestngdemo.org.DemoTestNg3"/>
</testsuite> <!-- org.qsptestngdemo.org.DemoTestNg3 -->
