<?xml version="1.0" encoding="UTF-8"?>
<!-- Generated by org.testng.reporters.JUnitReportReporter -->
<testsuite hostname="DESKTOP-S4NOL5G" name="org.qsptestngdemo.org.invocationCount" tests="3" failures="0" timestamp="28 Jul 2020 05:17:28 GMT" time="0.018" errors="0">
  <testcase name="m4" time="0.015" classname="org.qsptestngdemo.org.invocationCount"/>
  <testcase name="m4" time="0.002" classname="org.qsptestngdemo.org.invocationCount"/>
  <testcase name="m4" time="0.001" classname="org.qsptestngdemo.org.invocationCount"/>
</testsuite> <!-- org.qsptestngdemo.org.invocationCount -->
