<?xml version="1.0" encoding="UTF-8"?>
<!-- Generated by org.testng.reporters.JUnitReportReporter -->
<testsuite hostname="DESKTOP-S4NOL5G" name="demo8" tests="1" failures="0" timestamp="5 Aug 2020 03:30:50 GMT" time="0.035" errors="0">
  <testcase name="m2" time="0.035" classname="demo8"/>
</testsuite> <!-- demo8 -->
