<?xml version="1.0" encoding="UTF-8"?>
<!-- Generated by org.testng.reporters.JUnitReportReporter -->
<testsuite hostname="DESKTOP-S4NOL5G" name="org.qsptestngdemo.org.ParallelBrowser" tests="2" failures="0" timestamp="4 Aug 2020 06:22:19 GMT" time="83.083" errors="0">
  <testcase name="m" time="22.470" classname="org.qsptestngdemo.org.ParallelBrowser"/>
  <testcase name="m" time="60.613" classname="org.qsptestngdemo.org.ParallelBrowser"/>
</testsuite> <!-- org.qsptestngdemo.org.ParallelBrowser -->
