<?xml version="1.0" encoding="UTF-8"?>
<!-- Generated by org.testng.reporters.JUnitReportReporter -->
<testsuite hostname="DESKTOP-S4NOL5G" name="org.qsptestngdemo.org.ReadData" tests="3" failures="0" timestamp="31 Jul 2020 10:07:06 GMT" time="0.014" errors="0">
  <testcase name="m1" time="0.003" classname="org.qsptestngdemo.org.ReadData"/>
  <testcase name="m1" time="0.002" classname="org.qsptestngdemo.org.ReadData"/>
  <testcase name="m1" time="0.009" classname="org.qsptestngdemo.org.ReadData"/>
</testsuite> <!-- org.qsptestngdemo.org.ReadData -->
