<?xml version="1.0" encoding="UTF-8"?>
<!-- Generated by org.testng.reporters.JUnitReportReporter -->
<testsuite hostname="DESKTOP-S4NOL5G" name="org.qsptestngdemo.org.demo3" tests="1" failures="0" timestamp="24 Jul 2020 06:30:33 GMT" time="0.017" errors="0">
  <testcase name="m1" time="0.017" classname="org.qsptestngdemo.org.demo3"/>
</testsuite> <!-- org.qsptestngdemo.org.demo3 -->
