<?xml version="1.0" encoding="UTF-8"?>
<!-- Generated by org.testng.reporters.JUnitReportReporter -->
<testsuite hostname="DESKTOP-S4NOL5G" name="selinium.Demo89" tests="1" failures="0" timestamp="5 Aug 2020 03:37:41 GMT" time="0.016" errors="0">
  <testcase name="m1" time="0.016" classname="selinium.Demo89"/>
</testsuite> <!-- selinium.Demo89 -->
