<?xml version="1.0" encoding="UTF-8"?>
<!-- Generated by org.testng.reporters.JUnitReportReporter -->
<testsuite hostname="DESKTOP-S4NOL5G" name="org.qsptestngdemo.org.DataProviderDemo" tests="3" failures="0" timestamp="30 Jul 2020 04:56:56 GMT" time="0.029" errors="0">
  <testcase name="m1" time="0.016" classname="org.qsptestngdemo.org.DataProviderDemo"/>
  <testcase name="m1" time="0.002" classname="org.qsptestngdemo.org.DataProviderDemo"/>
  <testcase name="m1" time="0.011" classname="org.qsptestngdemo.org.DataProviderDemo"/>
</testsuite> <!-- org.qsptestngdemo.org.DataProviderDemo -->
