<?xml version="1.0" encoding="UTF-8"?>
<!-- Generated by org.testng.reporters.JUnitReportReporter -->
<testsuite hostname="DESKTOP-S4NOL5G" name="org.qsptestngdemo.org.UrbanLadder" tests="2" failures="0" timestamp="28 Jul 2020 04:13:15 GMT" time="28.989" errors="0">
  <testcase name="testBox" time="14.974" classname="org.qsptestngdemo.org.UrbanLadder"/>
  <testcase name="testBox1" time="14.015" classname="org.qsptestngdemo.org.UrbanLadder"/>
</testsuite> <!-- org.qsptestngdemo.org.UrbanLadder -->
