<?xml version="1.0" encoding="UTF-8"?>
<!-- Generated by org.testng.reporters.JUnitReportReporter -->
<testsuite hostname="DESKTOP-S4NOL5G" name="org.qsptestngdemo.org.parallelClass2" tests="1" failures="0" timestamp="31 Jul 2020 05:54:39 GMT" time="16.315" errors="0">
  <testcase name="m2" time="16.315" classname="org.qsptestngdemo.org.parallelClass2"/>
</testsuite> <!-- org.qsptestngdemo.org.parallelClass2 -->
