<?xml version="1.0" encoding="UTF-8"?>
<!-- Generated by org.testng.reporters.JUnitReportReporter -->
<testsuite hostname="DESKTOP-S4NOL5G" name="org.qsptestngdemo.org.ActitimeLoginTestSenarios" tests="2" failures="0" timestamp="27 Jul 2020 06:20:36 GMT" time="104.736" errors="0">
  <testcase name="m1" time="45.417" classname="org.qsptestngdemo.org.ActitimeLoginTestSenarios"/>
  <testcase name="m2" time="59.319" classname="org.qsptestngdemo.org.ActitimeLoginTestSenarios"/>
</testsuite> <!-- org.qsptestngdemo.org.ActitimeLoginTestSenarios -->
