<?xml version="1.0" encoding="UTF-8"?>
<!-- Generated by org.testng.reporters.JUnitReportReporter -->
<testsuite hostname="DESKTOP-S4NOL5G" name="org.qsptestngdemo.org.ToDisableAnnotation" tests="1" failures="0" timestamp="28 Jul 2020 05:29:52 GMT" time="0.013" errors="0">
  <testcase name="m3" time="0.013" classname="org.qsptestngdemo.org.ToDisableAnnotation"/>
</testsuite> <!-- org.qsptestngdemo.org.ToDisableAnnotation -->
