<?xml version="1.0" encoding="UTF-8"?>
<!-- Generated by org.testng.reporters.JUnitReportReporter -->
<testsuite hostname="DESKTOP-S4NOL5G" name="org.qsptestngdemo.org.RoycemotorcarsProgram" tests="1" failures="0" timestamp="28 Jul 2020 17:42:57 GMT" time="42.799" errors="0">
  <testcase name="m1" time="42.799" classname="org.qsptestngdemo.org.RoycemotorcarsProgram"/>
</testsuite> <!-- org.qsptestngdemo.org.RoycemotorcarsProgram -->
